2023-08-28 13:23:13,876:INFO:root:Save the YOLO format into a .txt file.
2023-08-28 13:23:13,876:INFO:root:Successfully completed the conversion from Pascal format to YOLO format.
2023-08-28 13:23:29,018:INFO:root:Split the panda dataset into train, validation and test sets
2023-08-28 13:23:29,218:INFO:root:Split the fox dataset into train, validation and test sets
2023-08-28 13:23:29,339:INFO:root:Split the rhino dataset into train, validation and test sets
2023-08-28 13:23:29,545:INFO:root:Split the tiger dataset into train, validation and test sets
2023-08-28 13:23:29,910:INFO:root:Split the buffalo dataset into train, validation and test sets
2023-08-28 13:23:30,154:INFO:root:Split the cheetah dataset into train, validation and test sets
2023-08-28 13:23:30,319:INFO:root:Split the elephant dataset into train, validation and test sets
2023-08-28 13:23:30,677:INFO:root:Split the zebra dataset into train, validation and test sets
2023-08-28 13:23:31,019:INFO:root:Split the jaguar dataset into train, validation and test sets
2023-08-28 13:23:31,322:INFO:root:Split the lion dataset into train, validation and test sets
2023-08-28 13:23:31,322:INFO:root:Successfully completed the datasets splitting.
2023-08-29 17:07:05,225:INFO:root:Detected Image
2023-08-29 18:30:56,262:INFO:root:Detected Image
2024-05-30 11:51:22,073:INFO:root:Detected Image
2024-05-30 11:51:38,632:INFO:root:Detected Image
2024-05-30 11:51:53,500:INFO:root:Detected Image
2024-05-30 12:47:50,398:INFO:root:Model loaded successfully
2024-05-30 12:47:52,359:INFO:root:Webcam opened successfully
2024-05-30 12:48:15,426:INFO:root:Webcam released and windows closed
2024-05-30 14:07:16,943:INFO:root:Model loaded successfully
2024-05-30 14:07:18,758:INFO:root:Webcam opened successfully
2024-05-30 14:07:24,648:ERROR:playsound:
    Error 259 for command:
        play alert.wav wait
    The driver cannot recognize the specified command parameter.
2024-05-30 14:07:24,649:ERROR:playsound:
    Error 263 for command:
        close alert.wav
    The specified device is not open or is not recognized by MCI.
2024-05-30 14:07:24,649:WARNING:playsound:Failed to close the file: alert.wav
2024-05-30 14:23:55,425:INFO:root:Model loaded successfully
2024-05-30 14:23:57,467:INFO:root:Webcam opened successfully
2024-05-30 14:24:11,266:INFO:root:Animal detected and alert sound played
2024-05-30 14:24:11,709:INFO:root:Animal detected and alert sound played
2024-05-30 14:24:12,160:INFO:root:Animal detected and alert sound played
2024-05-30 14:24:13,060:INFO:root:Animal detected and alert sound played
2024-05-30 14:24:13,994:INFO:root:Animal detected and alert sound played
2024-05-30 14:24:20,803:INFO:root:Webcam released and windows closed
2024-05-30 14:38:48,077:INFO:root:Model loaded successfully
2024-05-30 14:38:50,182:INFO:root:Webcam opened successfully
2024-05-30 14:39:00,658:INFO:root:Animal detected and alert sound played
2024-05-30 14:39:01,746:INFO:root:Animal detected and alert sound played
2024-05-30 14:39:02,372:INFO:root:Animal detected and alert sound played
2024-05-30 14:39:02,985:INFO:root:Animal detected and alert sound played
2024-05-30 14:39:03,616:INFO:root:Animal detected and alert sound played
2024-05-30 14:39:04,148:INFO:root:Animal detected and alert sound played
2024-05-30 14:39:04,827:INFO:root:Animal detected and alert sound played
2024-05-30 14:39:05,446:INFO:root:Animal detected and alert sound played
2024-05-30 14:39:06,056:INFO:root:Animal detected and alert sound played
2024-05-30 14:39:06,706:INFO:root:Animal detected and alert sound played
2024-05-30 14:39:07,332:INFO:root:Animal detected and alert sound played
2024-05-30 14:39:07,944:INFO:root:Animal detected and alert sound played
2024-05-30 14:39:08,581:INFO:root:Animal detected and alert sound played
2024-05-30 14:39:10,377:INFO:root:Animal detected and alert sound played
2024-05-30 14:39:15,946:INFO:root:Animal detected and alert sound played
2024-05-30 14:39:16,252:INFO:root:Webcam released and windows closed
2024-06-13 14:20:57,345:INFO:root:Model loaded successfully
2024-06-13 14:20:59,744:INFO:root:Webcam opened successfully
2024-06-13 14:21:10,664:INFO:root:Webcam released and windows closed
2024-06-13 22:03:24,388:INFO:root:Model loaded successfully
2024-06-13 22:03:27,708:INFO:root:Webcam opened successfully
2024-06-13 22:03:39,803:INFO:root:Animal detected and alert sound played
2024-06-13 22:03:43,984:INFO:root:Photo sent to Telegram successfully
2024-06-13 22:03:46,885:INFO:root:Animal detected and alert sound played
2024-06-13 22:03:49,444:INFO:root:Photo sent to Telegram successfully
2024-06-13 22:03:51,562:INFO:root:Animal detected and alert sound played
2024-06-13 22:03:54,086:INFO:root:Photo sent to Telegram successfully
2024-06-13 22:04:04,107:INFO:root:Animal detected and alert sound played
2024-06-13 22:04:06,564:INFO:root:Photo sent to Telegram successfully
2024-06-13 22:04:06,928:INFO:root:Animal detected and alert sound played
2024-06-13 22:04:09,213:INFO:root:Photo sent to Telegram successfully
2024-06-13 22:04:11,238:INFO:root:Animal detected and alert sound played
2024-06-13 22:04:13,424:INFO:root:Photo sent to Telegram successfully
2024-06-13 22:04:23,257:INFO:root:Animal detected and alert sound played
2024-06-13 22:04:25,452:INFO:root:Photo sent to Telegram successfully
2024-06-13 22:04:27,926:INFO:root:Animal detected and alert sound played
2024-06-13 22:04:30,078:INFO:root:Photo sent to Telegram successfully
2024-06-13 22:04:30,952:INFO:root:Animal detected and alert sound played
2024-06-13 22:04:33,348:INFO:root:Photo sent to Telegram successfully
2024-06-13 22:04:35,971:INFO:root:Animal detected and alert sound played
2024-06-13 22:04:38,327:INFO:root:Photo sent to Telegram successfully
2024-06-13 22:04:38,948:INFO:root:Animal detected and alert sound played
2024-06-13 22:04:41,187:INFO:root:Photo sent to Telegram successfully
2024-06-13 22:04:45,799:INFO:root:Animal detected and alert sound played
2024-06-13 22:04:49,234:INFO:root:Photo sent to Telegram successfully
2024-06-13 22:04:56,477:INFO:root:Animal detected and alert sound played
2024-06-13 22:04:58,624:INFO:root:Photo sent to Telegram successfully
2024-06-13 22:05:06,439:INFO:root:Webcam released and windows closed
2024-06-13 22:07:44,285:INFO:root:Model loaded successfully
2024-06-13 22:07:46,130:INFO:root:Webcam opened successfully
2024-06-13 22:07:52,380:INFO:root:Animal detected and alert sound played
2024-06-13 22:08:08,601:INFO:root:Model loaded successfully
2024-06-13 22:08:09,769:INFO:root:Webcam opened successfully
2024-06-13 22:08:15,834:INFO:root:Animal detected and alert sound played
2024-06-13 22:08:45,552:INFO:root:Model loaded successfully
2024-06-13 22:08:46,774:INFO:root:Webcam opened successfully
2024-06-13 22:08:51,652:INFO:root:Animal detected and alert sound played
2024-06-13 22:08:53,913:INFO:root:Photo sent to Telegram successfully
2024-06-13 22:08:56,539:INFO:root:Animal detected and alert sound played
2024-06-13 22:08:58,811:INFO:root:Photo sent to Telegram successfully
2024-06-13 22:09:00,113:INFO:root:Animal detected and alert sound played
2024-06-13 22:09:02,322:INFO:root:Photo sent to Telegram successfully
2024-06-13 22:09:02,740:INFO:root:Animal detected and alert sound played
2024-06-13 22:09:05,391:INFO:root:Photo sent to Telegram successfully
2024-06-13 22:09:22,210:INFO:root:Webcam released and windows closed
